

Microchip Technology PIC18 LITE Macro Assembler V1.30 build 55553 
                                                                                               Mon Feb 24 19:25:55 2014

Microchip Technology Omniscient Code Generator (Lite mode) build 55553
     1                           	processor	18F8722
     2                           	fnconf	rparam,??,?,0
     3                           	opt	pw 120
     4                           	opt	lm
     5                           	psect	text0,global,reloc=2,class=CODE,delta=1
     6                           	psect	cinit,global,reloc=2,class=CODE,delta=1
     7                           	psect	cstackCOMRAM,global,class=COMRAM,space=1,delta=1
     8                           	psect	text1,global,reloc=2,class=CODE,delta=1
     9                           	psect	text2,global,reloc=2,class=CODE,delta=1
    10                           	psect	text3,global,reloc=2,class=CODE,delta=1
    11                           	psect	intsave_regs,global,class=BIGRAM,space=1,delta=1
    12                           	psect	rparam,global,class=COMRAM,space=1,delta=1
    13  0000                     _CCP1CON	set	4029
    14  0000                     _CCPR1L	set	4030
    15  0000                     _PIR1bits	set	3998
    16  0000                     _PR2	set	4043
    17  0000                     _T2CON	set	4042
    18  0000                     _TRISCbits	set	3988
    19                           
    20                           ; 0 bytes @ 0x1
    21 ;;
    22 ;;Main: autosize = 0, tempsize = 0, incstack = 0, save=0
    23 ;;
    24 ;; *************** function _main *****************
    25 ;; Defined at:
    26 ;;		line 4 in file "C:\Users\Roxana\Desktop\CalcRom_PWM\main.c"
    27 ;; Parameters:    Size  Location     Type
    28 ;;		None
    29 ;; Auto vars:     Size  Location     Type
    30 ;;		None
    31 ;; Return value:  Size  Location     Type
    32 ;;		None               void
    33 ;; Registers used:
    34 ;;		wreg, status,2, cstack
    35 ;; Tracked objects:
    36 ;;		On entry : 0/0
    37 ;;		On exit  : 0/0
    38 ;;		Unchanged: 0/0
    39 ;; Data sizes:     COMRAM   BANK0   BANK1   BANK2   BANK3   BANK4   BANK5   BANK6   BANK7   BANK8   BANK9  BANK10  BANK1
      +1  BANK12  BANK13  BANK14  BANK15
    40 ;;      Params:         0       0       0       0       0       0       0       0       0       0       0       0       
      +0       0       0       0       0
    41 ;;      Locals:         0       0       0       0       0       0       0       0       0       0       0       0       
      +0       0       0       0       0
    42 ;;      Temps:          0       0       0       0       0       0       0       0       0       0       0       0       
      +0       0       0       0       0
    43 ;;      Totals:         0       0       0       0       0       0       0       0       0       0       0       0       
      +0       0       0       0       0
    44 ;;Total ram usage:        0 bytes
    45 ;; Hardware stack levels required when called:    1
    46 ;; This function calls:
    47 ;;		_PwmInit
    48 ;;		_setDuty
    49 ;;		_setPeriod
    50 ;; This function is called by:
    51 ;;		Startup code after reset
    52 ;; This function uses a non-reentrant model
    53 ;;
    54                           
    55                           	psect	text0
    56  01FFD6                     __ptext0:
    57                           	opt stack 0
    58  01FFD6                     _main:
    59                           	opt stack 30
    60                           
    61                           ;main.c: 6: PwmInit();
    62                           
    63                           ;incstack = 0
    64  01FFD6  ECF4  F0FF         	call	_PwmInit	;wreg free
    65                           
    66                           ;main.c: 7: setPeriod(0xEF);
    67  01FFDA  0EEF               	movlw	239
    68  01FFDC  ECE6  F0FF         	call	_setPeriod
    69  01FFE0                     l626:
    70                           
    71                           ;main.c: 9: {
    72                           ;main.c: 10: setDuty(0x58);
    73  01FFE0  0E58               	movlw	88
    74  01FFE2  ECE1  F0FF         	call	_setDuty
    75  01FFE6  D7FC               	goto	l626
    76  01FFE8                     __end_of_main:
    77                           	opt stack 0
    78                           
    79                           	psect	cinit
    80  01FFBC                     __pcinit:
    81                           	opt stack 0
    82  01FFBC                     start_initialization:
    83                           	opt stack 0
    84  01FFBC                     __initialization:
    85                           	opt stack 0
    86  01FFBC                     end_of_initialization:
    87                           	opt stack 0
    88  01FFBC                     __end_of__initialization:
    89                           	opt stack 0
    90  01FFBC  0100               	movlb	0
    91  01FFBE  EFEB  F0FF         	goto	_main	;jump to C main() function
    92                           
    93                           	psect	cstackCOMRAM
    94  000001                     __pcstackCOMRAM:
    95                           	opt stack 0
    96  000001                     setDuty@duty:
    97                           	opt stack 0
    98  000001                     setPeriod@period:
    99                           	opt stack 0
   100                           
   101                           ; 1 bytes @ 0x0
   102  000001                     	ds	1
   103  000002                     
   104 ;; *************** function _setPeriod *****************
   105 ;; Defined at:
   106 ;;		line 20 in file "C:\Users\Roxana\Desktop\CalcRom_PWM\Pwm.c"
   107 ;; Parameters:    Size  Location     Type
   108 ;;  period          1    wreg     unsigned char 
   109 ;; Auto vars:     Size  Location     Type
   110 ;;  period          1    0[COMRAM] unsigned char 
   111 ;; Return value:  Size  Location     Type
   112 ;;		None               void
   113 ;; Registers used:
   114 ;;		wreg
   115 ;; Tracked objects:
   116 ;;		On entry : 0/0
   117 ;;		On exit  : 0/0
   118 ;;		Unchanged: 0/0
   119 ;; Data sizes:     COMRAM   BANK0   BANK1   BANK2   BANK3   BANK4   BANK5   BANK6   BANK7   BANK8   BANK9  BANK10  BANK1
      +1  BANK12  BANK13  BANK14  BANK15
   120 ;;      Params:         0       0       0       0       0       0       0       0       0       0       0       0       
      +0       0       0       0       0
   121 ;;      Locals:         1       0       0       0       0       0       0       0       0       0       0       0       
      +0       0       0       0       0
   122 ;;      Temps:          0       0       0       0       0       0       0       0       0       0       0       0       
      +0       0       0       0       0
   123 ;;      Totals:         1       0       0       0       0       0       0       0       0       0       0       0       
      +0       0       0       0       0
   124 ;;Total ram usage:        1 bytes
   125 ;; Hardware stack levels used:    1
   126 ;; This function calls:
   127 ;;		Nothing
   128 ;; This function is called by:
   129 ;;		_main
   130 ;; This function uses a non-reentrant model
   131 ;;
   132                           
   133                           	psect	text1
   134  01FFCC                     __ptext1:
   135                           	opt stack 0
   136  01FFCC                     _setPeriod:
   137                           	opt stack 30
   138                           
   139                           ;incstack = 0
   140                           ;setPeriod@period stored from wreg
   141  01FFCC  CFE8 F001          	movff	wreg,setPeriod@period
   142                           
   143                           ;Pwm.c: 22: PR2 = period;
   144  01FFD0  C001  FFCB         	movff	setPeriod@period,4043	;volatile
   145  01FFD4  0012               	return	
   146  01FFD6                     __end_of_setPeriod:
   147                           	opt stack 0
   148                           wreg	equ	0xFE8
   149                           
   150 ;; *************** function _setDuty *****************
   151 ;; Defined at:
   152 ;;		line 15 in file "C:\Users\Roxana\Desktop\CalcRom_PWM\Pwm.c"
   153 ;; Parameters:    Size  Location     Type
   154 ;;  duty            1    wreg     unsigned char 
   155 ;; Auto vars:     Size  Location     Type
   156 ;;  duty            1    0[COMRAM] unsigned char 
   157 ;; Return value:  Size  Location     Type
   158 ;;		None               void
   159 ;; Registers used:
   160 ;;		wreg
   161 ;; Tracked objects:
   162 ;;		On entry : 0/0
   163 ;;		On exit  : 0/0
   164 ;;		Unchanged: 0/0
   165 ;; Data sizes:     COMRAM   BANK0   BANK1   BANK2   BANK3   BANK4   BANK5   BANK6   BANK7   BANK8   BANK9  BANK10  BANK1
      +1  BANK12  BANK13  BANK14  BANK15
   166 ;;      Params:         0       0       0       0       0       0       0       0       0       0       0       0       
      +0       0       0       0       0
   167 ;;      Locals:         1       0       0       0       0       0       0       0       0       0       0       0       
      +0       0       0       0       0
   168 ;;      Temps:          0       0       0       0       0       0       0       0       0       0       0       0       
      +0       0       0       0       0
   169 ;;      Totals:         1       0       0       0       0       0       0       0       0       0       0       0       
      +0       0       0       0       0
   170 ;;Total ram usage:        1 bytes
   171 ;; Hardware stack levels used:    1
   172 ;; This function calls:
   173 ;;		Nothing
   174 ;; This function is called by:
   175 ;;		_main
   176 ;; This function uses a non-reentrant model
   177 ;;
   178                           
   179                           	psect	text2
   180  01FFC2                     __ptext2:
   181                           	opt stack 0
   182  01FFC2                     _setDuty:
   183                           	opt stack 30
   184                           
   185                           ;incstack = 0
   186                           ;setDuty@duty stored from wreg
   187  01FFC2  CFE8 F001          	movff	wreg,setDuty@duty
   188                           
   189                           ;Pwm.c: 17: CCPR1L = duty;
   190  01FFC6  C001  FFBE         	movff	setDuty@duty,4030	;volatile
   191  01FFCA  0012               	return	
   192  01FFCC                     __end_of_setDuty:
   193                           	opt stack 0
   194                           wreg	equ	0xFE8
   195                           
   196 ;; *************** function _PwmInit *****************
   197 ;; Defined at:
   198 ;;		line 4 in file "C:\Users\Roxana\Desktop\CalcRom_PWM\Pwm.c"
   199 ;; Parameters:    Size  Location     Type
   200 ;;		None
   201 ;; Auto vars:     Size  Location     Type
   202 ;;		None
   203 ;; Return value:  Size  Location     Type
   204 ;;		None               void
   205 ;; Registers used:
   206 ;;		wreg, status,2
   207 ;; Tracked objects:
   208 ;;		On entry : 0/0
   209 ;;		On exit  : 0/0
   210 ;;		Unchanged: 0/0
   211 ;; Data sizes:     COMRAM   BANK0   BANK1   BANK2   BANK3   BANK4   BANK5   BANK6   BANK7   BANK8   BANK9  BANK10  BANK1
      +1  BANK12  BANK13  BANK14  BANK15
   212 ;;      Params:         0       0       0       0       0       0       0       0       0       0       0       0       
      +0       0       0       0       0
   213 ;;      Locals:         0       0       0       0       0       0       0       0       0       0       0       0       
      +0       0       0       0       0
   214 ;;      Temps:          0       0       0       0       0       0       0       0       0       0       0       0       
      +0       0       0       0       0
   215 ;;      Totals:         0       0       0       0       0       0       0       0       0       0       0       0       
      +0       0       0       0       0
   216 ;;Total ram usage:        0 bytes
   217 ;; Hardware stack levels used:    1
   218 ;; This function calls:
   219 ;;		Nothing
   220 ;; This function is called by:
   221 ;;		_main
   222 ;; This function uses a non-reentrant model
   223 ;;
   224                           
   225                           	psect	text3
   226  01FFE8                     __ptext3:
   227                           	opt stack 0
   228  01FFE8                     _PwmInit:
   229                           	opt stack 30
   230                           
   231                           ;Pwm.c: 6: TRISCbits.RC2=1;
   232                           
   233                           ;incstack = 0
   234  01FFE8  8494               	bsf	3988,2,c	;volatile
   235                           
   236                           ;Pwm.c: 7: CCP1CON=0b00001100;
   237  01FFEA  0E0C               	movlw	12
   238  01FFEC  6EBD               	movwf	4029,c	;volatile
   239                           
   240                           ;Pwm.c: 8: CCPR1L=0x0F;
   241  01FFEE  0E0F               	movlw	15
   242  01FFF0  6EBE               	movwf	4030,c	;volatile
   243                           
   244                           ;Pwm.c: 9: PIR1bits.TMR2IF=0;
   245  01FFF2  929E               	bcf	3998,1,c	;volatile
   246                           
   247                           ;Pwm.c: 10: T2CON=0b00000101;
   248  01FFF4  0E05               	movlw	5
   249  01FFF6  6ECA               	movwf	4042,c	;volatile
   250  01FFF8                     l15:
   251  01FFF8  A29E               	btfss	3998,1,c	;volatile
   252  01FFFA  D7FE               	goto	l15
   253                           
   254                           ;Pwm.c: 12: TRISCbits.RC2=0;
   255  01FFFC  9494               	bcf	3988,2,c	;volatile
   256  01FFFE  0012               	return	
   257  020000                     __end_of_PwmInit:
   258                           	opt stack 0
   259  0000                     wreg	equ	0xFE8
   260                           wreg	equ	0xFE8
   261                           
   262                           	psect	rparam
   263  0000                     wreg	equ	0xFE8


Data Sizes:
    Strings     0
    Constant    0
    Data        0
    BSS         0
    Persistent  0
    Stack       0

Auto Spaces:
    Space          Size  Autos    Used
    COMRAM           95      1       1
    BANK0           160      0       0
    BANK1           256      0       0
    BANK2           256      0       0
    BANK3           256      0       0
    BANK4           256      0       0
    BANK5           256      0       0
    BANK6           256      0       0
    BANK7           256      0       0
    BANK8           256      0       0
    BANK9           256      0       0
    BANK10          256      0       0
    BANK11          256      0       0
    BANK12          256      0       0
    BANK13          256      0       0
    BANK14          256      0       0
    BANK15           96      0       0

Pointer List with Targets:

    None.

Critical Paths under _main in COMRAM

    _main->_setDuty
    _main->_setPeriod

Critical Paths under _main in BANK0

    None.

Critical Paths under _main in BANK1

    None.

Critical Paths under _main in BANK2

    None.

Critical Paths under _main in BANK3

    None.

Critical Paths under _main in BANK4

    None.

Critical Paths under _main in BANK5

    None.

Critical Paths under _main in BANK6

    None.

Critical Paths under _main in BANK7

    None.

Critical Paths under _main in BANK8

    None.

Critical Paths under _main in BANK9

    None.

Critical Paths under _main in BANK10

    None.

Critical Paths under _main in BANK11

    None.

Critical Paths under _main in BANK12

    None.

Critical Paths under _main in BANK13

    None.

Critical Paths under _main in BANK14

    None.

Critical Paths under _main in BANK15

    None.

Call Graph Tables:

 ---------------------------------------------------------------------------------
 (Depth) Function   	        Calls       Base Space   Used Autos Params    Refs
 ---------------------------------------------------------------------------------
 (0) _main                                                 0     0      0      30
                            _PwmInit
                            _setDuty
                          _setPeriod
 ---------------------------------------------------------------------------------
 (1) _setPeriod                                            1     1      0      15
                                              0 COMRAM     1     1      0
 ---------------------------------------------------------------------------------
 (1) _setDuty                                              1     1      0      15
                                              0 COMRAM     1     1      0
 ---------------------------------------------------------------------------------
 (1) _PwmInit                                              0     0      0       0
 ---------------------------------------------------------------------------------
 Estimated maximum stack depth 1
 ---------------------------------------------------------------------------------

 Call Graph Graphs:

 _main (ROOT)
   _PwmInit
   _setDuty
   _setPeriod

 Address spaces:
Name               Size   Autos  Total    Cost      Usage
BITCOMRAM           5F      0       0       0        0.0%
EEDATA             400      0       0       0        0.0%
NULL                 0      0       0       0        0.0%
CODE                 0      0       0       0        0.0%
COMRAM              5F      1       1       1        1.1%
STACK                0      0       0       2        0.0%
DATA                 0      0       0       3        0.0%
BITBANK0            A0      0       0       4        0.0%
BANK0               A0      0       0       5        0.0%
BITBANK1           100      0       0       6        0.0%
BANK1              100      0       0       7        0.0%
BITBANK2           100      0       0       8        0.0%
BANK2              100      0       0       9        0.0%
BITBANK3           100      0       0      10        0.0%
BANK3              100      0       0      11        0.0%
BITBANK4           100      0       0      12        0.0%
BANK4              100      0       0      13        0.0%
BITBANK5           100      0       0      14        0.0%
BANK5              100      0       0      15        0.0%
BITBANK6           100      0       0      16        0.0%
BANK6              100      0       0      17        0.0%
BITBANK7           100      0       0      18        0.0%
BANK7              100      0       0      19        0.0%
BITBANK8           100      0       0      20        0.0%
BANK8              100      0       0      21        0.0%
BITBANK9           100      0       0      22        0.0%
BANK9              100      0       0      23        0.0%
BITBANK10          100      0       0      24        0.0%
BANK10             100      0       0      25        0.0%
BITBANK11          100      0       0      26        0.0%
BANK11             100      0       0      27        0.0%
BITBANK12          100      0       0      28        0.0%
BANK12             100      0       0      29        0.0%
BITBANK13          100      0       0      30        0.0%
BANK13             100      0       0      31        0.0%
ABS                  0      0       0      32        0.0%
BITBANK14          100      0       0      33        0.0%
BANK14             100      0       0      34        0.0%
BITBANK15           60      0       0      35        0.0%
BANK15              60      0       0      36        0.0%
BIGRAM             F5F      0       0      37        0.0%
BITSFR               0      0       0      40        0.0%
SFR                  0      0       0      40        0.0%


Microchip Technology PIC18 Macro Assembler V1.30 build 55553 
Symbol Table                                                                                   Mon Feb 24 19:25:55 2014

                     l15 FFF8              __CFG_OSC$HS 000000                      l626 FFE0  
                    _PR2 000FCB                      wreg 000FE8             __CFG_LVP$OFF 000000  
           __CFG_WDT$OFF 000000                     _main FFD6                     start 0000  
          __CFG_IESO$OFF 000000            __CFG_MCLRE$ON 000000          __end_of_PwmInit 0000  
                  ?_main 0001                    _T2CON 000FCA            __CFG_PWRT$OFF 000000  
         __CFG_FCMEN$OFF 000000          __end_of_setDuty FFCC           __CFG_BOREN$OFF 000000  
        __initialization FFBC             __end_of_main FFE8                   ??_main 0002  
          __activetblptr 000000                   _CCPR1L 000FBE           __CFG_XINST$OFF 000000  
              ??_PwmInit 0001                ??_setDuty 0001               __accesstop 0060  
__end_of__initialization FFBC           __pcstackCOMRAM 0001       __size_of_setPeriod 000A  
                _CCP1CON 000FBD              setDuty@duty 0001                  __Hparam 0000  
                __Lparam 0000                  _PwmInit FFE8                  __pcinit FFBC  
                __ramtop 1000                  __ptext0 FFD6                  __ptext1 FFCC  
                __ptext2 FFC2                  __ptext3 FFE8                  _setDuty FFC2  
   end_of_initialization FFBC        __end_of_setPeriod FFD6                _TRISCbits 000F94  
    start_initialization FFBC                 ?_PwmInit 0001                 ?_setDuty 0001  
              _setPeriod FFCC                 _PIR1bits 000F9E               ?_setPeriod 0001  
               __Hrparam 0000                 __Lrparam 0000         __size_of_PwmInit 0018  
       __size_of_setDuty 000A            __size_of_main 0012          setPeriod@period 0001  
            ??_setPeriod 0001  
